Build started 1/22/2015 11:10:54 AM.
     1>Project "C:\Projects_vs2012\2014\SurfTestVideo\SurfTestVideo\SurfTestVideo.vcxproj" on node 2 (Build target(s)).
     1>ClCompile:
         C:\Program Files (x86)\Microsoft Visual Studio 11.0\VC\bin\x86_amd64\CL.exe /c /Zi /nologo /W3 /WX- /sdl /Od /D WIN32 /D _DEBUG /D _WINDOWS /D _UNICODE /D UNICODE /Gm /EHsc /RTC1 /MDd /GS /fp:precise /Zc:wchar_t /Zc:forScope /Fo"x64\Debug\\" /Fd"x64\Debug\vc110.pdb" /Gd /TP /errorReport:prompt SurfTest.cpp
         SurfTest.cpp
     1>SurfTest.cpp(533): error C3861: 'minMaxXYDetection': identifier not found
     1>SurfTest.cpp(672): warning C4267: 'argument' : conversion from 'size_t' to 'int', possible loss of data
     1>SurfTest.cpp(682): warning C4267: 'argument' : conversion from 'size_t' to 'int', possible loss of data
     1>SurfTest.cpp(683): warning C4267: 'argument' : conversion from 'size_t' to 'int', possible loss of data
     1>SurfTest.cpp(698): warning C4267: 'argument' : conversion from 'size_t' to 'int', possible loss of data
     1>SurfTest.cpp(699): warning C4267: 'argument' : conversion from 'size_t' to 'int', possible loss of data
     1>SurfTest.cpp(700): warning C4267: 'argument' : conversion from 'size_t' to 'int', possible loss of data
     1>SurfTest.cpp(718): warning C4267: 'argument' : conversion from 'size_t' to 'int', possible loss of data
     1>SurfTest.cpp(719): warning C4267: 'argument' : conversion from 'size_t' to 'int', possible loss of data
     1>SurfTest.cpp(720): warning C4267: 'argument' : conversion from 'size_t' to 'int', possible loss of data
     1>SurfTest.cpp(721): warning C4267: 'argument' : conversion from 'size_t' to 'int', possible loss of data
     1>SurfTest.cpp(742): warning C4267: 'argument' : conversion from 'size_t' to 'int', possible loss of data
     1>SurfTest.cpp(743): warning C4267: 'argument' : conversion from 'size_t' to 'int', possible loss of data
     1>SurfTest.cpp(744): warning C4267: 'argument' : conversion from 'size_t' to 'int', possible loss of data
     1>SurfTest.cpp(745): warning C4267: 'argument' : conversion from 'size_t' to 'int', possible loss of data
     1>SurfTest.cpp(746): warning C4267: 'argument' : conversion from 'size_t' to 'int', possible loss of data
     1>SurfTest.cpp(770): warning C4267: 'argument' : conversion from 'size_t' to 'int', possible loss of data
     1>SurfTest.cpp(771): warning C4267: 'argument' : conversion from 'size_t' to 'int', possible loss of data
     1>SurfTest.cpp(772): warning C4267: 'argument' : conversion from 'size_t' to 'int', possible loss of data
     1>SurfTest.cpp(773): warning C4267: 'argument' : conversion from 'size_t' to 'int', possible loss of data
     1>SurfTest.cpp(774): warning C4267: 'argument' : conversion from 'size_t' to 'int', possible loss of data
     1>SurfTest.cpp(775): warning C4267: 'argument' : conversion from 'size_t' to 'int', possible loss of data
     1>SurfTest.cpp(802): warning C4267: 'argument' : conversion from 'size_t' to 'int', possible loss of data
     1>SurfTest.cpp(803): warning C4267: 'argument' : conversion from 'size_t' to 'int', possible loss of data
     1>SurfTest.cpp(804): warning C4267: 'argument' : conversion from 'size_t' to 'int', possible loss of data
     1>SurfTest.cpp(805): warning C4267: 'argument' : conversion from 'size_t' to 'int', possible loss of data
     1>SurfTest.cpp(806): warning C4267: 'argument' : conversion from 'size_t' to 'int', possible loss of data
     1>SurfTest.cpp(807): warning C4267: 'argument' : conversion from 'size_t' to 'int', possible loss of data
     1>SurfTest.cpp(808): warning C4267: 'argument' : conversion from 'size_t' to 'int', possible loss of data
     1>SurfTest.cpp(838): warning C4267: 'argument' : conversion from 'size_t' to 'int', possible loss of data
     1>SurfTest.cpp(839): warning C4267: 'argument' : conversion from 'size_t' to 'int', possible loss of data
     1>SurfTest.cpp(840): warning C4267: 'argument' : conversion from 'size_t' to 'int', possible loss of data
     1>SurfTest.cpp(841): warning C4267: 'argument' : conversion from 'size_t' to 'int', possible loss of data
     1>SurfTest.cpp(842): warning C4267: 'argument' : conversion from 'size_t' to 'int', possible loss of data
     1>SurfTest.cpp(843): warning C4267: 'argument' : conversion from 'size_t' to 'int', possible loss of data
     1>SurfTest.cpp(844): warning C4267: 'argument' : conversion from 'size_t' to 'int', possible loss of data
     1>SurfTest.cpp(845): warning C4267: 'argument' : conversion from 'size_t' to 'int', possible loss of data
     1>SurfTest.cpp(879): warning C4267: 'argument' : conversion from 'size_t' to 'int', possible loss of data
     1>SurfTest.cpp(880): warning C4267: 'argument' : conversion from 'size_t' to 'int', possible loss of data
     1>SurfTest.cpp(881): warning C4267: 'argument' : conversion from 'size_t' to 'int', possible loss of data
     1>SurfTest.cpp(882): warning C4267: 'argument' : conversion from 'size_t' to 'int', possible loss of data
     1>SurfTest.cpp(883): warning C4267: 'argument' : conversion from 'size_t' to 'int', possible loss of data
     1>SurfTest.cpp(884): warning C4267: 'argument' : conversion from 'size_t' to 'int', possible loss of data
     1>SurfTest.cpp(885): warning C4267: 'argument' : conversion from 'size_t' to 'int', possible loss of data
     1>SurfTest.cpp(886): warning C4267: 'argument' : conversion from 'size_t' to 'int', possible loss of data
     1>SurfTest.cpp(887): warning C4267: 'argument' : conversion from 'size_t' to 'int', possible loss of data
     1>Done Building Project "C:\Projects_vs2012\2014\SurfTestVideo\SurfTestVideo\SurfTestVideo.vcxproj" (Build target(s)) -- FAILED.

Build FAILED.

Time Elapsed 00:00:00.53
